The system is: Linux - 5.13.0-44-generic - x86_64
Compiling the C compiler identification source file "CMakeCCompilerId.c" succeeded.
Compiler: /home/thomas/Documents/eth/ba/code/all/install/bin/riscv32-unknown-elf-clang 
Build flags: 
Id flags: -c 

The output was:
0


Compilation of the C compiler identification source "CMakeCCompilerId.c" produced "CMakeCCompilerId.o"

The C compiler identification is Clang, found in "/home/thomas/Documents/eth/ba/code/all/snitch/hw/system/snitch_cluster/sw/build/CMakeFiles/3.19.8/CompilerIdC/CMakeCCompilerId.o"

Checking whether the ASM compiler is Clang using "--version" matched "(clang version)":
clang version 12.0.1
Target: riscv32-unknown-unknown-elf
Thread model: posix
InstalledDir: /home/thomas/Documents/eth/ba/code/all/install/bin
Detecting C compiler ABI info compiled with the following output:
Change Dir: /home/thomas/Documents/eth/ba/code/all/snitch/hw/system/snitch_cluster/sw/build/CMakeFiles/CMakeTmp

Run Build Command(s):/usr/bin/make cmTC_925a8/fast && /usr/bin/make  -f CMakeFiles/cmTC_925a8.dir/build.make CMakeFiles/cmTC_925a8.dir/build
make[1]: Entering directory '/home/thomas/Documents/eth/ba/code/all/snitch/hw/system/snitch_cluster/sw/build/CMakeFiles/CMakeTmp'
Building C object CMakeFiles/cmTC_925a8.dir/CMakeCCompilerABI.c.o
/home/thomas/Documents/eth/ba/code/all/install/bin/riscv32-unknown-elf-clang -D__LINK_LLD -D__TOOLCHAIN_LLVM__  -flto=thin   -v -mcpu=snitch -mcmodel=medany -ffast-math -fno-builtin-printf -fno-common -fexperimental-new-pass-manager -ffunction-sections -funroll-loops -Wextra -static -mllvm -enable-misched=false -mno-relax -fopenmp -menable-experimental-extensions -o CMakeFiles/cmTC_925a8.dir/CMakeCCompilerABI.c.o -c /snap/cmake/852/share/cmake-3.19/Modules/CMakeCCompilerABI.c
clang version 12.0.1
Target: riscv32-unknown-unknown-elf
Thread model: posix
InstalledDir: /home/thomas/Documents/eth/ba/code/all/install/bin
 (in-process)
 "/home/thomas/Documents/eth/ba/code/all/install/bin/clang-12" -cc1 -triple riscv32-unknown-unknown-elf -emit-llvm-bc -flto=thin -flto-unit -disable-free -main-file-name CMakeCCompilerABI.c -static-define -mrelocation-model static -mframe-pointer=all -menable-no-infs -menable-no-nans -menable-unsafe-fp-math -fno-signed-zeros -mreassociate -freciprocal-math -ffp-contract=fast -fno-rounding-math -ffast-math -ffinite-math-only -mconstructor-aliases -nostdsysteminc -mcmodel=medium -target-cpu snitch -target-feature +m -target-feature +a -target-feature +f -target-feature +d -target-feature +experimental-zfh -target-feature +xfrep -target-feature +xssr -target-feature +xdma -target-feature +xfalthalf -target-feature +xfquarter -target-feature +xfaltquarter -target-feature +xfvecsingle -target-feature +xfvechalf -target-feature +xfvecalthalf -target-feature +xfvecquarter -target-feature +xfvecaltquarter -target-feature +xfauxhalf -target-feature +xfauxalthalf -target-feature +xfauxquarter -target-feature +xfauxaltquarter -target-feature +xfauxvecsingle -target-feature +xfauxvechalf -target-feature +xfauxvecalthalf -target-feature +xfauxvecquarter -target-feature +xfauxvecaltquarter -target-feature +xfexpauxvechalf -target-feature +xfexpauxvecalthalf -target-feature +xfexpauxvecquarter -target-feature +xfexpauxvecaltquarter -target-feature -64bit -target-feature -relax -target-feature -save-restore -target-abi ilp32d -msmall-data-limit 8 -fno-split-dwarf-inlining -debugger-tuning=gdb -v -ffunction-sections -resource-dir /home/thomas/Documents/eth/ba/code/all/install/lib/clang/12.0.1 -D __LINK_LLD -D __TOOLCHAIN_LLVM__ -internal-isystem /home/thomas/Documents/eth/ba/code/all/install/bin/../riscv32-unknown-elf/include -Wextra -fdebug-compilation-dir /home/thomas/Documents/eth/ba/code/all/snitch/hw/system/snitch_cluster/sw/build/CMakeFiles/CMakeTmp -ferror-limit 19 -fopenmp -fopenmp-cuda-parallel-target-regions -funroll-loops -fno-builtin-printf -fno-signed-char -fgnuc-version=4.2.1 -fno-legacy-pass-manager -mllvm -enable-misched=false -faddrsig -o CMakeFiles/cmTC_925a8.dir/CMakeCCompilerABI.c.o -x c /snap/cmake/852/share/cmake-3.19/Modules/CMakeCCompilerABI.c
clang -cc1 version 12.0.1 based upon LLVM 12.0.1 default target riscv32-unknown-elf
#include "..." search starts here:
#include <...> search starts here:
 /home/thomas/Documents/eth/ba/code/all/install/bin/../riscv32-unknown-elf/include
 /home/thomas/Documents/eth/ba/code/all/install/lib/clang/12.0.1/include
End of search list.
Linking C executable cmTC_925a8
/snap/cmake/852/bin/cmake -E cmake_link_script CMakeFiles/cmTC_925a8.dir/link.txt --verbose=1
/home/thomas/Documents/eth/ba/code/all/install/bin/riscv32-unknown-elf-clang -flto=thin  -v -mcpu=snitch -nostartfiles -fuse-ld=lld -Wl,--image-base=0x80000000 -static -Wl,-z,norelro -Wl,--gc-sections -Wl,--no-relax CMakeFiles/cmTC_925a8.dir/CMakeCCompilerABI.c.o -o cmTC_925a8  -lm 
clang version 12.0.1
Target: riscv32-unknown-unknown-elf
Thread model: posix
InstalledDir: /home/thomas/Documents/eth/ba/code/all/install/bin
 "/home/thomas/Documents/eth/ba/code/all/install/bin/ld.lld" -m elf32lriscv -plugin-opt=mcpu=snitch -plugin-opt=thinlto -L/home/thomas/Documents/eth/ba/code/all/install/bin/../riscv32-unknown-elf/lib --image-base=0x80000000 -z norelro --gc-sections --no-relax CMakeFiles/cmTC_925a8.dir/CMakeCCompilerABI.c.o -lm --start-group -lc -lgloss --end-group /home/thomas/Documents/eth/ba/code/all/install/lib/clang/12.0.1/lib/libclang_rt.builtins-riscv32.a -o cmTC_925a8
ld.lld: warning: cannot find entry symbol _start; not setting start address
make[1]: Leaving directory '/home/thomas/Documents/eth/ba/code/all/snitch/hw/system/snitch_cluster/sw/build/CMakeFiles/CMakeTmp'



Parsed C implicit include dir info from above output: rv=done
  found start of include info
  found start of implicit include info
    add: [/home/thomas/Documents/eth/ba/code/all/install/bin/../riscv32-unknown-elf/include]
    add: [/home/thomas/Documents/eth/ba/code/all/install/lib/clang/12.0.1/include]
  end of search list found
  collapse include dir [/home/thomas/Documents/eth/ba/code/all/install/bin/../riscv32-unknown-elf/include] ==> [/home/thomas/Documents/eth/ba/code/all/install/riscv32-unknown-elf/include]
  collapse include dir [/home/thomas/Documents/eth/ba/code/all/install/lib/clang/12.0.1/include] ==> [/home/thomas/Documents/eth/ba/code/all/install/lib/clang/12.0.1/include]
  implicit include dirs: [/home/thomas/Documents/eth/ba/code/all/install/riscv32-unknown-elf/include;/home/thomas/Documents/eth/ba/code/all/install/lib/clang/12.0.1/include]


Parsed C implicit link information from above output:
  link line regex: [^( *|.*[/\])(ld\.lld|CMAKE_LINK_STARTFILE-NOTFOUND|([^/\]+-)?ld|collect2)[^/\]*( |$)]
  ignore line: [Change Dir: /home/thomas/Documents/eth/ba/code/all/snitch/hw/system/snitch_cluster/sw/build/CMakeFiles/CMakeTmp]
  ignore line: []
  ignore line: [Run Build Command(s):/usr/bin/make cmTC_925a8/fast && /usr/bin/make  -f CMakeFiles/cmTC_925a8.dir/build.make CMakeFiles/cmTC_925a8.dir/build]
  ignore line: [make[1]: Entering directory '/home/thomas/Documents/eth/ba/code/all/snitch/hw/system/snitch_cluster/sw/build/CMakeFiles/CMakeTmp']
  ignore line: [Building C object CMakeFiles/cmTC_925a8.dir/CMakeCCompilerABI.c.o]
  ignore line: [/home/thomas/Documents/eth/ba/code/all/install/bin/riscv32-unknown-elf-clang -D__LINK_LLD -D__TOOLCHAIN_LLVM__  -flto=thin   -v -mcpu=snitch -mcmodel=medany -ffast-math -fno-builtin-printf -fno-common -fexperimental-new-pass-manager -ffunction-sections -funroll-loops -Wextra -static -mllvm -enable-misched=false -mno-relax -fopenmp -menable-experimental-extensions -o CMakeFiles/cmTC_925a8.dir/CMakeCCompilerABI.c.o -c /snap/cmake/852/share/cmake-3.19/Modules/CMakeCCompilerABI.c]
  ignore line: [clang version 12.0.1]
  ignore line: [Target: riscv32-unknown-unknown-elf]
  ignore line: [Thread model: posix]
  ignore line: [InstalledDir: /home/thomas/Documents/eth/ba/code/all/install/bin]
  ignore line: [ (in-process)]
  ignore line: [ "/home/thomas/Documents/eth/ba/code/all/install/bin/clang-12" -cc1 -triple riscv32-unknown-unknown-elf -emit-llvm-bc -flto=thin -flto-unit -disable-free -main-file-name CMakeCCompilerABI.c -static-define -mrelocation-model static -mframe-pointer=all -menable-no-infs -menable-no-nans -menable-unsafe-fp-math -fno-signed-zeros -mreassociate -freciprocal-math -ffp-contract=fast -fno-rounding-math -ffast-math -ffinite-math-only -mconstructor-aliases -nostdsysteminc -mcmodel=medium -target-cpu snitch -target-feature +m -target-feature +a -target-feature +f -target-feature +d -target-feature +experimental-zfh -target-feature +xfrep -target-feature +xssr -target-feature +xdma -target-feature +xfalthalf -target-feature +xfquarter -target-feature +xfaltquarter -target-feature +xfvecsingle -target-feature +xfvechalf -target-feature +xfvecalthalf -target-feature +xfvecquarter -target-feature +xfvecaltquarter -target-feature +xfauxhalf -target-feature +xfauxalthalf -target-feature +xfauxquarter -target-feature +xfauxaltquarter -target-feature +xfauxvecsingle -target-feature +xfauxvechalf -target-feature +xfauxvecalthalf -target-feature +xfauxvecquarter -target-feature +xfauxvecaltquarter -target-feature +xfexpauxvechalf -target-feature +xfexpauxvecalthalf -target-feature +xfexpauxvecquarter -target-feature +xfexpauxvecaltquarter -target-feature -64bit -target-feature -relax -target-feature -save-restore -target-abi ilp32d -msmall-data-limit 8 -fno-split-dwarf-inlining -debugger-tuning=gdb -v -ffunction-sections -resource-dir /home/thomas/Documents/eth/ba/code/all/install/lib/clang/12.0.1 -D __LINK_LLD -D __TOOLCHAIN_LLVM__ -internal-isystem /home/thomas/Documents/eth/ba/code/all/install/bin/../riscv32-unknown-elf/include -Wextra -fdebug-compilation-dir /home/thomas/Documents/eth/ba/code/all/snitch/hw/system/snitch_cluster/sw/build/CMakeFiles/CMakeTmp -ferror-limit 19 -fopenmp -fopenmp-cuda-parallel-target-regions -funroll-loops -fno-builtin-printf -fno-signed-char -fgnuc-version=4.2.1 -fno-legacy-pass-manager -mllvm -enable-misched=false -faddrsig -o CMakeFiles/cmTC_925a8.dir/CMakeCCompilerABI.c.o -x c /snap/cmake/852/share/cmake-3.19/Modules/CMakeCCompilerABI.c]
  ignore line: [clang -cc1 version 12.0.1 based upon LLVM 12.0.1 default target riscv32-unknown-elf]
  ignore line: [#include "..." search starts here:]
  ignore line: [#include <...> search starts here:]
  ignore line: [ /home/thomas/Documents/eth/ba/code/all/install/bin/../riscv32-unknown-elf/include]
  ignore line: [ /home/thomas/Documents/eth/ba/code/all/install/lib/clang/12.0.1/include]
  ignore line: [End of search list.]
  ignore line: [Linking C executable cmTC_925a8]
  ignore line: [/snap/cmake/852/bin/cmake -E cmake_link_script CMakeFiles/cmTC_925a8.dir/link.txt --verbose=1]
  ignore line: [/home/thomas/Documents/eth/ba/code/all/install/bin/riscv32-unknown-elf-clang -flto=thin  -v -mcpu=snitch -nostartfiles -fuse-ld=lld -Wl,--image-base=0x80000000 -static -Wl,-z,norelro -Wl,--gc-sections -Wl,--no-relax CMakeFiles/cmTC_925a8.dir/CMakeCCompilerABI.c.o -o cmTC_925a8  -lm ]
  ignore line: [clang version 12.0.1]
  ignore line: [Target: riscv32-unknown-unknown-elf]
  ignore line: [Thread model: posix]
  ignore line: [InstalledDir: /home/thomas/Documents/eth/ba/code/all/install/bin]
  link line: [ "/home/thomas/Documents/eth/ba/code/all/install/bin/ld.lld" -m elf32lriscv -plugin-opt=mcpu=snitch -plugin-opt=thinlto -L/home/thomas/Documents/eth/ba/code/all/install/bin/../riscv32-unknown-elf/lib --image-base=0x80000000 -z norelro --gc-sections --no-relax CMakeFiles/cmTC_925a8.dir/CMakeCCompilerABI.c.o -lm --start-group -lc -lgloss --end-group /home/thomas/Documents/eth/ba/code/all/install/lib/clang/12.0.1/lib/libclang_rt.builtins-riscv32.a -o cmTC_925a8]
    arg [/home/thomas/Documents/eth/ba/code/all/install/bin/ld.lld] ==> ignore
    arg [-m] ==> ignore
    arg [elf32lriscv] ==> ignore
    arg [-plugin-opt=mcpu=snitch] ==> ignore
    arg [-plugin-opt=thinlto] ==> ignore
    arg [-L/home/thomas/Documents/eth/ba/code/all/install/bin/../riscv32-unknown-elf/lib] ==> dir [/home/thomas/Documents/eth/ba/code/all/install/bin/../riscv32-unknown-elf/lib]
    arg [--image-base=0x80000000] ==> ignore
    arg [-znorelro] ==> ignore
    arg [--gc-sections] ==> ignore
    arg [--no-relax] ==> ignore
    arg [CMakeFiles/cmTC_925a8.dir/CMakeCCompilerABI.c.o] ==> ignore
    arg [-lm] ==> lib [m]
    arg [--start-group] ==> ignore
    arg [-lc] ==> lib [c]
    arg [-lgloss] ==> lib [gloss]
    arg [--end-group] ==> ignore
    arg [/home/thomas/Documents/eth/ba/code/all/install/lib/clang/12.0.1/lib/libclang_rt.builtins-riscv32.a] ==> lib [/home/thomas/Documents/eth/ba/code/all/install/lib/clang/12.0.1/lib/libclang_rt.builtins-riscv32.a]
    arg [-o] ==> ignore
    arg [cmTC_925a8] ==> ignore
  remove lib [/home/thomas/Documents/eth/ba/code/all/install/lib/clang/12.0.1/lib/libclang_rt.builtins-riscv32.a]
  collapse library dir [/home/thomas/Documents/eth/ba/code/all/install/bin/../riscv32-unknown-elf/lib] ==> [/home/thomas/Documents/eth/ba/code/all/install/riscv32-unknown-elf/lib]
  implicit libs: [m;c;gloss]
  implicit dirs: [/home/thomas/Documents/eth/ba/code/all/install/riscv32-unknown-elf/lib]
  implicit fwks: []


